<?xml version="1.0" encoding="UTF-8"?>
<robot generator="Robot 7.1.1 (Python 3.10.12 on linux)" generated="2024-11-10T17:38:16.904037" rpa="false" schemaversion="5">
<suite id="s1" name="Tests" source="/home/kuroniil/webcounter/src/tests">
<suite id="s1-s1" name="Increment" source="/home/kuroniil/webcounter/src/tests/increment.robot">
<kw name="Open And Configure Browser" owner="resource" type="SETUP">
<if>
<branch type="IF" condition="$BROWSER == 'chrome'">
<kw name="Evaluate" owner="BuiltIn">
<msg time="2024-11-10T17:38:17.053195" level="INFO">${options} = &lt;selenium.webdriver.chrome.options.Options object at 0x7eae037c13c0&gt;</msg>
<var>${options}</var>
<arg>sys.modules['selenium.webdriver'].ChromeOptions()</arg>
<arg>sys</arg>
<doc>Evaluates the given expression in Python and returns the result.</doc>
<status status="PASS" start="2024-11-10T17:38:17.052829" elapsed="0.000412"/>
</kw>
<status status="PASS" start="2024-11-10T17:38:17.049499" elapsed="0.003833"/>
</branch>
<branch type="ELSE IF" condition="$BROWSER == 'firefox'">
<kw name="Evaluate" owner="BuiltIn">
<var>${options}</var>
<arg>sys.modules['selenium.webdriver'].FirefoxOptions()</arg>
<arg>sys</arg>
<doc>Evaluates the given expression in Python and returns the result.</doc>
<status status="NOT RUN" start="2024-11-10T17:38:17.053534" elapsed="0.000036"/>
</kw>
<status status="NOT RUN" start="2024-11-10T17:38:17.053389" elapsed="0.000238"/>
</branch>
<status status="PASS" start="2024-11-10T17:38:17.049468" elapsed="0.004196"/>
</if>
<if>
<branch type="IF" condition="$HEADLESS == 'true'">
<kw name="Set Selenium Speed" owner="SeleniumLibrary">
<arg>0</arg>
<doc>Sets the delay that is waited after each Selenium command.</doc>
<status status="NOT RUN" start="2024-11-10T17:38:17.053957" elapsed="0.000034"/>
</kw>
<kw name="Call Method" owner="BuiltIn">
<arg>${options}</arg>
<arg>add_argument</arg>
<arg>--headless</arg>
<doc>Calls the named method of the given object with the provided arguments.</doc>
<status status="NOT RUN" start="2024-11-10T17:38:17.054103" elapsed="0.000030"/>
</kw>
<status status="NOT RUN" start="2024-11-10T17:38:17.053739" elapsed="0.000444"/>
</branch>
<branch type="ELSE">
<kw name="Set Selenium Speed" owner="SeleniumLibrary">
<arg>${DELAY}</arg>
<doc>Sets the delay that is waited after each Selenium command.</doc>
<status status="PASS" start="2024-11-10T17:38:17.054325" elapsed="0.000290"/>
</kw>
<status status="PASS" start="2024-11-10T17:38:17.054220" elapsed="0.000466"/>
</branch>
<status status="PASS" start="2024-11-10T17:38:17.053722" elapsed="0.001003"/>
</if>
<kw name="Open Browser" owner="SeleniumLibrary">
<msg time="2024-11-10T17:38:17.055158" level="INFO">Opening browser 'chrome' to base url 'None'.</msg>
<arg>browser=${BROWSER}</arg>
<arg>options=${options}</arg>
<doc>Opens a new browser instance to the optional ``url``.</doc>
<status status="PASS" start="2024-11-10T17:38:17.054844" elapsed="0.739593"/>
</kw>
<status status="PASS" start="2024-11-10T17:38:17.049213" elapsed="0.745440"/>
</kw>
<test id="s1-s1-t1" name="At start the counter is zero" line="7">
<kw name="Go To" owner="SeleniumLibrary">
<msg time="2024-11-10T17:38:17.797071" level="INFO">Opening url 'http://localhost:5001'</msg>
<arg>${HOME_URL}</arg>
<doc>Navigates the current browser window to the provided ``url``.</doc>
<status status="PASS" start="2024-11-10T17:38:17.796279" elapsed="0.582995"/>
</kw>
<kw name="Title Should Be" owner="SeleniumLibrary">
<msg time="2024-11-10T17:38:18.894926" level="INFO">Page title is 'Laskuri'.</msg>
<arg>Laskuri</arg>
<doc>Verifies that the current page title equals ``title``.</doc>
<status status="PASS" start="2024-11-10T17:38:18.380003" elapsed="0.515309"/>
</kw>
<kw name="Page Should Contain" owner="SeleniumLibrary">
<msg time="2024-11-10T17:38:19.928851" level="INFO">Current page contains text 'nappia painettu 0 kertaa'.</msg>
<arg>nappia painettu 0 kertaa</arg>
<doc>Verifies that current page contains ``text``.</doc>
<status status="PASS" start="2024-11-10T17:38:18.896019" elapsed="1.033256"/>
</kw>
<status status="PASS" start="2024-11-10T17:38:17.795160" elapsed="2.134959"/>
</test>
<test id="s1-s1-t2" name="When button pressed twice the counter is two" line="12">
<kw name="Go To" owner="SeleniumLibrary">
<msg time="2024-11-10T17:38:19.932342" level="INFO">Opening url 'http://localhost:5001'</msg>
<arg>${HOME_URL}</arg>
<doc>Navigates the current browser window to the provided ``url``.</doc>
<status status="PASS" start="2024-11-10T17:38:19.931822" elapsed="0.537753"/>
</kw>
<kw name="Click Button" owner="SeleniumLibrary">
<msg time="2024-11-10T17:38:20.471615" level="INFO">Clicking button 'Paina'.</msg>
<arg>Paina</arg>
<doc>Clicks the button identified by ``locator``.</doc>
<status status="PASS" start="2024-11-10T17:38:20.470615" elapsed="1.620807"/>
</kw>
<kw name="Click Button" owner="SeleniumLibrary">
<msg time="2024-11-10T17:38:22.093189" level="INFO">Clicking button 'Paina'.</msg>
<arg>Paina</arg>
<doc>Clicks the button identified by ``locator``.</doc>
<status status="PASS" start="2024-11-10T17:38:22.092444" elapsed="1.602842"/>
</kw>
<kw name="Page Should Contain" owner="SeleniumLibrary">
<msg time="2024-11-10T17:38:24.730578" level="INFO">Current page contains text 'nappia painettu 2 kertaa'.</msg>
<arg>nappia painettu 2 kertaa</arg>
<doc>Verifies that current page contains ``text``.</doc>
<status status="PASS" start="2024-11-10T17:38:23.696402" elapsed="1.034794"/>
</kw>
<status status="PASS" start="2024-11-10T17:38:19.930858" elapsed="4.801474"/>
</test>
<kw name="Close Browser" owner="SeleniumLibrary" type="TEARDOWN">
<doc>Closes the current browser.</doc>
<status status="PASS" start="2024-11-10T17:38:24.734598" elapsed="0.563740"/>
</kw>
<status status="PASS" start="2024-11-10T17:38:16.925097" elapsed="8.373470"/>
</suite>
<suite id="s1-s2" name="Reset" source="/home/kuroniil/webcounter/src/tests/reset.robot">
<kw name="Open And Configure Browser" owner="resource" type="SETUP">
<if>
<branch type="IF" condition="$BROWSER == 'chrome'">
<kw name="Evaluate" owner="BuiltIn">
<msg time="2024-11-10T17:38:25.305365" level="INFO">${options} = &lt;selenium.webdriver.chrome.options.Options object at 0x7eae03659390&gt;</msg>
<var>${options}</var>
<arg>sys.modules['selenium.webdriver'].ChromeOptions()</arg>
<arg>sys</arg>
<doc>Evaluates the given expression in Python and returns the result.</doc>
<status status="PASS" start="2024-11-10T17:38:25.304913" elapsed="0.000509"/>
</kw>
<status status="PASS" start="2024-11-10T17:38:25.304471" elapsed="0.001059"/>
</branch>
<branch type="ELSE IF" condition="$BROWSER == 'firefox'">
<kw name="Evaluate" owner="BuiltIn">
<var>${options}</var>
<arg>sys.modules['selenium.webdriver'].FirefoxOptions()</arg>
<arg>sys</arg>
<doc>Evaluates the given expression in Python and returns the result.</doc>
<status status="NOT RUN" start="2024-11-10T17:38:25.305832" elapsed="0.000047"/>
</kw>
<status status="NOT RUN" start="2024-11-10T17:38:25.305607" elapsed="0.000350"/>
</branch>
<status status="PASS" start="2024-11-10T17:38:25.304433" elapsed="0.001575"/>
</if>
<if>
<branch type="IF" condition="$HEADLESS == 'true'">
<kw name="Set Selenium Speed" owner="SeleniumLibrary">
<arg>0</arg>
<doc>Sets the delay that is waited after each Selenium command.</doc>
<status status="NOT RUN" start="2024-11-10T17:38:25.306415" elapsed="0.000046"/>
</kw>
<kw name="Call Method" owner="BuiltIn">
<arg>${options}</arg>
<arg>add_argument</arg>
<arg>--headless</arg>
<doc>Calls the named method of the given object with the provided arguments.</doc>
<status status="NOT RUN" start="2024-11-10T17:38:25.306623" elapsed="0.000043"/>
</kw>
<status status="NOT RUN" start="2024-11-10T17:38:25.306095" elapsed="0.000653"/>
</branch>
<branch type="ELSE">
<kw name="Set Selenium Speed" owner="SeleniumLibrary">
<arg>${DELAY}</arg>
<doc>Sets the delay that is waited after each Selenium command.</doc>
<status status="PASS" start="2024-11-10T17:38:25.306946" elapsed="0.000397"/>
</kw>
<status status="PASS" start="2024-11-10T17:38:25.306804" elapsed="0.000622"/>
</branch>
<status status="PASS" start="2024-11-10T17:38:25.306072" elapsed="0.001406"/>
</if>
<kw name="Open Browser" owner="SeleniumLibrary">
<msg time="2024-11-10T17:38:25.308199" level="INFO">Opening browser 'chrome' to base url 'None'.</msg>
<arg>browser=${BROWSER}</arg>
<arg>options=${options}</arg>
<doc>Opens a new browser instance to the optional ``url``.</doc>
<status status="PASS" start="2024-11-10T17:38:25.307754" elapsed="0.777546"/>
</kw>
<status status="PASS" start="2024-11-10T17:38:25.304138" elapsed="0.781665"/>
</kw>
<test id="s1-s2-t1" name="When counter has a nonzero value and it is reset the value becomes zero" line="7">
<kw name="Go To" owner="SeleniumLibrary">
<msg time="2024-11-10T17:38:26.087285" level="INFO">Opening url 'http://localhost:5001'</msg>
<arg>${HOME_URL}</arg>
<doc>Navigates the current browser window to the provided ``url``.</doc>
<status status="PASS" start="2024-11-10T17:38:26.086802" elapsed="0.570275"/>
</kw>
<kw name="Click Button" owner="SeleniumLibrary">
<msg time="2024-11-10T17:38:26.659033" level="INFO">Clicking button 'Paina'.</msg>
<arg>Paina</arg>
<doc>Clicks the button identified by ``locator``.</doc>
<status status="PASS" start="2024-11-10T17:38:26.658141" elapsed="1.642347"/>
</kw>
<kw name="Click Button" owner="SeleniumLibrary">
<msg time="2024-11-10T17:38:28.303082" level="INFO">Clicking button 'Nollaa'.</msg>
<arg>Nollaa</arg>
<doc>Clicks the button identified by ``locator``.</doc>
<status status="PASS" start="2024-11-10T17:38:28.302153" elapsed="1.609117"/>
</kw>
<kw name="Page Should Contain" owner="SeleniumLibrary">
<msg time="2024-11-10T17:38:30.946521" level="INFO">Current page contains text 'nappia painettu 0 kertaa'.</msg>
<arg>nappia painettu 0 kertaa</arg>
<doc>Verifies that current page contains ``text``.</doc>
<status status="PASS" start="2024-11-10T17:38:29.912933" elapsed="1.034093"/>
</kw>
<status status="PASS" start="2024-11-10T17:38:26.085989" elapsed="4.862009"/>
</test>
<kw name="Close Browser" owner="SeleniumLibrary" type="TEARDOWN">
<doc>Closes the current browser.</doc>
<status status="PASS" start="2024-11-10T17:38:30.949615" elapsed="0.570124"/>
</kw>
<status status="PASS" start="2024-11-10T17:38:25.299917" elapsed="6.220087"/>
</suite>
<status status="PASS" start="2024-11-10T17:38:16.905155" elapsed="14.616748"/>
</suite>
<statistics>
<total>
<stat pass="3" fail="0" skip="0">All Tests</stat>
</total>
<tag>
</tag>
<suite>
<stat pass="3" fail="0" skip="0" id="s1" name="Tests">Tests</stat>
<stat pass="2" fail="0" skip="0" id="s1-s1" name="Increment">Tests.Increment</stat>
<stat pass="1" fail="0" skip="0" id="s1-s2" name="Reset">Tests.Reset</stat>
</suite>
</statistics>
<errors>
</errors>
</robot>
